<testsuites name="Slider API Test">
<testsuite name="Test slider app" tests="6" failures="1" skipped="0" timestamp="Mon, 07 Dec 2015 14:18:59 GMT" time="2.046">
<testcase classname="Test slider app" name="should return 200 on success" time="1.979"/>
<testcase classname="Test slider app" name="should return 101 on success" time="0.027">
<failure message="expected status code 200 to equal 101">

</failure>
</testcase>
<testcase classname="Test slider app" name="should not return 404 on success" time="0.001"/>
<testcase classname="Test slider app" name="should contain sliders" time="0.002"/>
<testcase classname="Test slider app" name="should obey the general schema" time="0.005"/>
<testcase classname="Test slider app" name="slider should obey its structure" time="0.005"/>
</testsuite>
<testsuite name="Documentation examples" tests="2" failures="0" skipped="0" timestamp="Mon, 07 Dec 2015 14:19:01 GMT" time="3.739">
<testcase classname="Documentation examples" name="should return 200 on success" time="3.73"/>
<testcase classname="Documentation examples" name="should not return 404 on success" time="0.001"/>
</testsuite>
</testsuites>
